launcher/build/intermediates/manifest_merge_blame_file/debug/manifest-merger-blame-debug-report.txt
1<?xml version="1.0" encoding="utf-8"?>
2<!-- GENERATED BY UNITY. REMOVE THIS COMMENT TO PREVENT OVERWRITING WHEN EXPORTING AGAIN -->
3<manifest xmlns:android="http://schemas.android.com/apk/res/android"
4    package="com.karthik.unityctsdk"
5    android:installLocation="preferExternal"
6    android:versionCode="1"
7    android:versionName="0.1" >
8
9    <uses-sdk
10        android:minSdkVersion="24"
10-->src/main/AndroidManifest.xml
11        android:targetSdkVersion="31" />
11-->src/main/AndroidManifest.xml
12
13    <supports-screens
13-->src/main/AndroidManifest.xml:4:3-163
14        android:anyDensity="true"
14-->src/main/AndroidManifest.xml:4:135-160
15        android:largeScreens="true"
15-->src/main/AndroidManifest.xml:4:78-105
16        android:normalScreens="true"
16-->src/main/AndroidManifest.xml:4:49-77
17        android:smallScreens="true"
17-->src/main/AndroidManifest.xml:4:21-48
18        android:xlargeScreens="true" />
18-->src/main/AndroidManifest.xml:4:106-134
19
20    <uses-permission android:name="android.permission.INTERNET" />
20-->[:unityLibrary] AndroidManifest.xml:21:5-67
20-->[:unityLibrary] AndroidManifest.xml:21:22-64
21    <uses-permission android:name="android.permission.ACCESS_NETWORK_STATE" />
21-->[:unityLibrary] AndroidManifest.xml:22:5-79
21-->[:unityLibrary] AndroidManifest.xml:22:22-76
22    <uses-permission android:name="com.google.android.c2dm.permission.RECEIVE" />
22-->[:unityLibrary] AndroidManifest.xml:23:5-82
22-->[:unityLibrary] AndroidManifest.xml:23:22-79
23    <uses-permission android:name="android.permission.WAKE_LOCK" />
23-->[:unityLibrary] AndroidManifest.xml:24:5-68
23-->[:unityLibrary] AndroidManifest.xml:24:22-65
24
25    <uses-feature android:glEsVersion="0x00020000" />
25-->[:unityLibrary] AndroidManifest.xml:26:5-54
25-->[:unityLibrary] AndroidManifest.xml:26:19-51
26    <uses-feature
26-->[:unityLibrary] AndroidManifest.xml:27:5-29:36
27        android:name="android.hardware.touchscreen"
27-->[:unityLibrary] AndroidManifest.xml:28:9-52
28        android:required="false" />
28-->[:unityLibrary] AndroidManifest.xml:29:9-33
29    <uses-feature
29-->[:unityLibrary] AndroidManifest.xml:30:5-32:36
30        android:name="android.hardware.touchscreen.multitouch"
30-->[:unityLibrary] AndroidManifest.xml:31:9-63
31        android:required="false" />
31-->[:unityLibrary] AndroidManifest.xml:32:9-33
32    <uses-feature
32-->[:unityLibrary] AndroidManifest.xml:33:5-35:36
33        android:name="android.hardware.touchscreen.multitouch.distinct"
33-->[:unityLibrary] AndroidManifest.xml:34:9-72
34        android:required="false" />
34-->[:unityLibrary] AndroidManifest.xml:35:9-33
35
36    <uses-permission android:name="android.permission.CAMERA" />
36-->[:unityLibrary] AndroidManifest.xml:37:5-65
36-->[:unityLibrary] AndroidManifest.xml:37:22-62
37
38    <uses-feature
38-->[:unityLibrary] AndroidManifest.xml:39:5-41:35
39        android:name="android.hardware.camera.ar"
39-->[:unityLibrary] AndroidManifest.xml:40:9-50
40        android:required="true" />
40-->[:unityLibrary] AndroidManifest.xml:41:9-32
41    <uses-feature
41-->[:unityLibrary] AndroidManifest.xml:42:5-44:35
42        android:name="com.google.ar.core.depth"
42-->[:unityLibrary] AndroidManifest.xml:43:9-48
43        android:required="true" />
43-->[:unityLibrary] AndroidManifest.xml:44:9-32
44
45    <uses-permission android:name="com.google.android.finsky.permission.BIND_GET_INSTALL_REFERRER_SERVICE" />
45-->[com.android.installreferrer:installreferrer:2.2] AndroidManifest.xml:9:5-110
45-->[com.android.installreferrer:installreferrer:2.2] AndroidManifest.xml:9:22-107
46
47    <queries>
47-->[:arcore_client:] AndroidManifest.xml:29:5-31:15
48        <package android:name="com.google.ar.core" />
48-->[:arcore_client:] AndroidManifest.xml:30:9-54
48-->[:arcore_client:] AndroidManifest.xml:30:18-51
49    </queries>
50
51    <application
51-->src/main/AndroidManifest.xml:5:3-116
52        android:debuggable="true"
53        android:extractNativeLibs="true"
53-->src/main/AndroidManifest.xml:5:16-48
54        android:icon="@mipmap/app_icon"
54-->src/main/AndroidManifest.xml:5:82-113
55        android:label="@string/app_name" >
55-->src/main/AndroidManifest.xml:5:49-81
56        <activity
56-->[:unityLibrary] AndroidManifest.xml:47:9-68:20
57            android:name="com.unity3d.player.UnityPlayerActivity"
57-->[:unityLibrary] AndroidManifest.xml:48:13-66
58            android:configChanges="mcc|mnc|locale|touchscreen|keyboard|keyboardHidden|navigation|orientation|screenLayout|uiMode|screenSize|smallestScreenSize|fontScale|layoutDirection|density"
58-->[:unityLibrary] AndroidManifest.xml:49:13-194
59            android:exported="true"
59-->[:unityLibrary] AndroidManifest.xml:50:13-36
60            android:hardwareAccelerated="false"
60-->[:unityLibrary] AndroidManifest.xml:51:13-48
61            android:launchMode="singleTask"
61-->[:unityLibrary] AndroidManifest.xml:52:13-44
62            android:resizeableActivity="false"
62-->[:unityLibrary] AndroidManifest.xml:53:13-47
63            android:screenOrientation="fullSensor"
63-->[:unityLibrary] AndroidManifest.xml:54:13-51
64            android:theme="@style/UnityThemeSelector" >
64-->[:unityLibrary] AndroidManifest.xml:55:13-54
65            <intent-filter>
65-->[:unityLibrary] AndroidManifest.xml:56:13-60:29
66                <action android:name="android.intent.action.MAIN" />
66-->[:unityLibrary] AndroidManifest.xml:57:17-69
66-->[:unityLibrary] AndroidManifest.xml:57:25-66
67
68                <category android:name="android.intent.category.LAUNCHER" />
68-->[:unityLibrary] AndroidManifest.xml:59:17-77
68-->[:unityLibrary] AndroidManifest.xml:59:27-74
69            </intent-filter>
70
71            <meta-data
71-->[:unityLibrary] AndroidManifest.xml:62:13-64:40
72                android:name="unityplayer.UnityActivity"
72-->[:unityLibrary] AndroidManifest.xml:63:17-57
73                android:value="true" />
73-->[:unityLibrary] AndroidManifest.xml:64:17-37
74            <meta-data
74-->[:unityLibrary] AndroidManifest.xml:65:13-67:40
75                android:name="android.notch_support"
75-->[:unityLibrary] AndroidManifest.xml:66:17-53
76                android:value="true" />
76-->[:unityLibrary] AndroidManifest.xml:67:17-37
77        </activity>
78        <!--
79        <service
80            android:name="com.clevertap.android.sdk.pushnotification.fcm.FcmMessageListenerService"
81            android:exported="true">
82            <intent-filter>
83                <action android:name="com.google.firebase.MESSAGING_EVENT" />
84            </intent-filter>
85        </service>
86
87        <service
88            android:name="com.clevertap.android.sdk.pushnotification.CTNotificationIntentService"
89            android:exported="false">
90            <intent-filter>
91                <action android:name="com.clevertap.PUSH_EVENT" />
92            </intent-filter>
93        </service>
94        -->
95        <!-- <service android:name="com.clevertap.android.sdk.pushnotification.fcm.FcmMessageListenerService" android:exported="true"> -->
96        <!-- <intent-filter> -->
97        <!-- <action android:name="com.google.firebase.MESSAGING_EVENT" /> -->
98        <!-- </intent-filter> -->
99        <!-- </service> -->
100        <meta-data
100-->[:unityLibrary] AndroidManifest.xml:91:9-93:47
101            android:name="FCM_SENDER_ID"
101-->[:unityLibrary] AndroidManifest.xml:92:13-41
102            android:value="id:487275975172" />
102-->[:unityLibrary] AndroidManifest.xml:93:13-44
103        <meta-data
103-->[:unityLibrary] AndroidManifest.xml:94:9-96:49
104            android:name="CLEVERTAP_ACCOUNT_ID"
104-->[:unityLibrary] AndroidManifest.xml:95:13-48
105            android:value="TEST-W8W-6WR-846Z" />
105-->[:unityLibrary] AndroidManifest.xml:96:13-46
106        <meta-data
106-->[:unityLibrary] AndroidManifest.xml:97:9-99:44
107            android:name="CLEVERTAP_TOKEN"
107-->[:unityLibrary] AndroidManifest.xml:98:13-43
108            android:value="TEST-206-0b0" />
108-->[:unityLibrary] AndroidManifest.xml:99:13-41
109        <meta-data
109-->[:unityLibrary] AndroidManifest.xml:100:9-102:33
110            android:name="unity.splash-mode"
110-->[:unityLibrary] AndroidManifest.xml:101:13-45
111            android:value="0" />
111-->[:unityLibrary] AndroidManifest.xml:102:13-30
112        <meta-data
112-->[:unityLibrary] AndroidManifest.xml:103:9-105:36
113            android:name="unity.splash-enable"
113-->[:unityLibrary] AndroidManifest.xml:104:13-47
114            android:value="True" />
114-->[:unityLibrary] AndroidManifest.xml:105:13-33
115        <meta-data
115-->[:unityLibrary] AndroidManifest.xml:106:9-108:37
116            android:name="unity.allow-resizable-window"
116-->[:unityLibrary] AndroidManifest.xml:107:13-56
117            android:value="False" />
117-->[:unityLibrary] AndroidManifest.xml:108:13-34
118        <meta-data
118-->[:unityLibrary] AndroidManifest.xml:109:9-111:50
119            android:name="notch.config"
119-->[:unityLibrary] AndroidManifest.xml:110:13-40
120            android:value="portrait|landscape" />
120-->[:unityLibrary] AndroidManifest.xml:111:13-47
121        <meta-data
121-->[:unityLibrary] AndroidManifest.xml:112:9-114:68
122            android:name="unity.build-id"
122-->[:unityLibrary] AndroidManifest.xml:113:13-42
123            android:value="1785a7ff-41f1-4faf-a208-1d2023c4d1e1" />
123-->[:unityLibrary] AndroidManifest.xml:114:13-65
124        <meta-data
124-->[:unityLibrary] AndroidManifest.xml:115:9-117:36
125            android:name="unityplayer.SkipPermissionsDialog"
125-->[:unityLibrary] AndroidManifest.xml:116:13-61
126            android:value="true" />
126-->[:unityLibrary] AndroidManifest.xml:117:13-33
127        <meta-data
127-->[:unityLibrary] AndroidManifest.xml:118:9-120:40
128            android:name="com.google.ar.core"
128-->[:unityLibrary] AndroidManifest.xml:119:13-46
129            android:value="required" /> <!-- The minimal version code of ARCore APK required for an app using this SDK. -->
129-->[:unityLibrary] AndroidManifest.xml:120:13-37
130        <meta-data
130-->[:arcore_client:] AndroidManifest.xml:36:9-38:41
131            android:name="com.google.ar.core.min_apk_version"
131-->[:arcore_client:] AndroidManifest.xml:37:13-62
132            android:value="202940000" /> <!-- This activity is critical for installing ARCore when it is not already present. -->
132-->[:arcore_client:] AndroidManifest.xml:38:13-38
133        <activity
133-->[:arcore_client:] AndroidManifest.xml:40:9-46:80
134            android:name="com.google.ar.core.InstallActivity"
134-->[:arcore_client:] AndroidManifest.xml:41:13-62
135            android:configChanges="keyboardHidden|orientation|screenSize"
135-->[:arcore_client:] AndroidManifest.xml:42:13-74
136            android:excludeFromRecents="true"
136-->[:arcore_client:] AndroidManifest.xml:43:13-46
137            android:exported="false"
137-->[:arcore_client:] AndroidManifest.xml:44:13-37
138            android:launchMode="singleTop"
138-->[:arcore_client:] AndroidManifest.xml:45:13-43
139            android:theme="@android:style/Theme.Material.Light.Dialog.Alert" />
139-->[:arcore_client:] AndroidManifest.xml:46:13-77
140    </application>
141
142</manifest>